<?xml version="1.0" encoding="UTF-8"?>
<testng-results ignored="0" total="5" passed="4" failed="1" skipped="0">
  <reporter-output>
  </reporter-output>
  <suite started-at="2024-04-28T14:55:26 IST" name="Suite" finished-at="2024-04-28T14:56:23 IST" duration-ms="56828">
    <groups>
      <group name="errorvalidation">
        <method signature="ErrorValidations.ErrorValidationlogin()[pri:0, instance:ssktestcomponents.ErrorValidations@7d3e8655]" name="ErrorValidationlogin" class="ssktestcomponents.ErrorValidations"/>
      </group> <!-- errorvalidation -->
      <group name="Purchase">
        <method signature="Submitordertest.submitOrder(java.util.HashMap)[pri:0, instance:sskpackageframewrk.Submitordertest@c430e6c]" name="submitOrder" class="sskpackageframewrk.Submitordertest"/>
      </group> <!-- Purchase -->
    </groups>
    <test started-at="2024-04-28T14:55:26 IST" name="Submitorder" finished-at="2024-04-28T14:56:05 IST" duration-ms="38735">
      <class name="sskpackageframewrk.Submitordertest">
        <test-method is-config="true" signature="launchApplication()[pri:0, instance:sskpackageframewrk.Submitordertest@c430e6c]" started-at="2024-04-28T14:55:26 IST" name="launchApplication" finished-at="2024-04-28T14:55:40 IST" duration-ms="13918" status="PASS">
          <reporter-output>
          </reporter-output>
        </test-method> <!-- launchApplication -->
        <test-method signature="submitOrder(java.util.HashMap)[pri:0, instance:sskpackageframewrk.Submitordertest@c430e6c]" started-at="2024-04-28T14:55:40 IST" name="submitOrder" data-provider="getData1" finished-at="2024-04-28T14:55:47 IST" duration-ms="6690" status="PASS">
          <params>
            <param index="0">
              <value>
                <![CDATA[{emaildata=anshika@gmail.com, product=ADIDAS ORIGINAL, passdata=Iamking@000}]]>
              </value>
            </param>
          </params>
          <reporter-output>
          </reporter-output>
        </test-method> <!-- submitOrder -->
        <test-method is-config="true" signature="browserClose()[pri:0, instance:sskpackageframewrk.Submitordertest@c430e6c]" started-at="2024-04-28T14:55:47 IST" name="browserClose" finished-at="2024-04-28T14:55:47 IST" duration-ms="203" status="PASS">
          <reporter-output>
          </reporter-output>
        </test-method> <!-- browserClose -->
        <test-method is-config="true" signature="launchApplication()[pri:0, instance:sskpackageframewrk.Submitordertest@c430e6c]" started-at="2024-04-28T14:55:47 IST" name="launchApplication" finished-at="2024-04-28T14:55:53 IST" duration-ms="5253" status="PASS">
          <reporter-output>
          </reporter-output>
        </test-method> <!-- launchApplication -->
        <test-method signature="submitOrder(java.util.HashMap)[pri:0, instance:sskpackageframewrk.Submitordertest@c430e6c]" started-at="2024-04-28T14:55:53 IST" name="submitOrder" data-provider="getData1" finished-at="2024-04-28T14:55:59 IST" duration-ms="6647" status="PASS">
          <params>
            <param index="0">
              <value>
                <![CDATA[{emaildata=saisri@kosagi.com, product=ZARA COAT 3, passdata=Saisri@1704}]]>
              </value>
            </param>
          </params>
          <reporter-output>
          </reporter-output>
        </test-method> <!-- submitOrder -->
        <test-method is-config="true" signature="browserClose()[pri:0, instance:sskpackageframewrk.Submitordertest@c430e6c]" started-at="2024-04-28T14:55:59 IST" name="browserClose" finished-at="2024-04-28T14:55:59 IST" duration-ms="146" status="PASS">
          <reporter-output>
          </reporter-output>
        </test-method> <!-- browserClose -->
        <test-method is-config="true" signature="launchApplication()[pri:0, instance:sskpackageframewrk.Submitordertest@c430e6c]" started-at="2024-04-28T14:55:59 IST" name="launchApplication" finished-at="2024-04-28T14:56:04 IST" duration-ms="5099" status="PASS">
          <reporter-output>
          </reporter-output>
        </test-method> <!-- launchApplication -->
        <test-method signature="OrderedProductVerification()[pri:0, instance:sskpackageframewrk.Submitordertest@c430e6c]" started-at="2024-04-28T14:56:04 IST" name="OrderedProductVerification" finished-at="2024-04-28T14:56:05 IST" depends-on-methods="sskpackageframewrk.Submitordertest.submitOrder" duration-ms="599" status="PASS">
          <reporter-output>
          </reporter-output>
        </test-method> <!-- OrderedProductVerification -->
        <test-method is-config="true" signature="browserClose()[pri:0, instance:sskpackageframewrk.Submitordertest@c430e6c]" started-at="2024-04-28T14:56:05 IST" name="browserClose" finished-at="2024-04-28T14:56:05 IST" duration-ms="117" status="PASS">
          <reporter-output>
          </reporter-output>
        </test-method> <!-- browserClose -->
      </class> <!-- sskpackageframewrk.Submitordertest -->
    </test> <!-- Submitorder -->
    <test started-at="2024-04-28T14:56:06 IST" name="ErrorValidations" finished-at="2024-04-28T14:56:23 IST" duration-ms="17700">
      <class name="ssktestcomponents.ErrorValidations">
        <test-method is-config="true" signature="launchApplication()[pri:0, instance:ssktestcomponents.ErrorValidations@7d3e8655]" started-at="2024-04-28T14:56:06 IST" name="launchApplication" finished-at="2024-04-28T14:56:11 IST" duration-ms="5301" status="PASS">
          <reporter-output>
          </reporter-output>
        </test-method> <!-- launchApplication -->
        <test-method signature="ErrorValidationlogin()[pri:0, instance:ssktestcomponents.ErrorValidations@7d3e8655]" started-at="2024-04-28T14:56:11 IST" name="ErrorValidationlogin" finished-at="2024-04-28T14:56:12 IST" duration-ms="951" status="FAIL">
          <exception class="java.lang.AssertionError">
            <message>
              <![CDATA[expected [Incorrect email or password.] but found [Incorect email or password.]]]>
            </message>
            <full-stacktrace>
              <![CDATA[java.lang.AssertionError: expected [Incorrect email or password.] but found [Incorect email or password.]
at org.testng.Assert.fail(Assert.java:111)
at org.testng.Assert.failNotEquals(Assert.java:1578)
at org.testng.Assert.assertEqualsImpl(Assert.java:150)
at org.testng.Assert.assertEquals(Assert.java:132)
at org.testng.Assert.assertEquals(Assert.java:656)
at org.testng.Assert.assertEquals(Assert.java:666)
at ssktestcomponents.ErrorValidations.ErrorValidationlogin(ErrorValidations.java:34)
at java.base/jdk.internal.reflect.DirectMethodHandleAccessor.invoke(DirectMethodHandleAccessor.java:103)
at java.base/java.lang.reflect.Method.invoke(Method.java:580)
at org.testng.internal.invokers.MethodInvocationHelper.invokeMethod(MethodInvocationHelper.java:139)
at org.testng.internal.invokers.TestInvoker.invokeMethod(TestInvoker.java:664)
at org.testng.internal.invokers.TestInvoker.invokeTestMethod(TestInvoker.java:228)
at org.testng.internal.invokers.MethodRunner.runInSequence(MethodRunner.java:63)
at org.testng.internal.invokers.TestInvoker$MethodInvocationAgent.invoke(TestInvoker.java:961)
at org.testng.internal.invokers.TestInvoker.invokeTestMethods(TestInvoker.java:201)
at org.testng.internal.invokers.TestMethodWorker.invokeTestMethods(TestMethodWorker.java:148)
at org.testng.internal.invokers.TestMethodWorker.run(TestMethodWorker.java:128)
at java.base/java.util.ArrayList.forEach(ArrayList.java:1596)
at org.testng.TestRunner.privateRun(TestRunner.java:819)
at org.testng.TestRunner.run(TestRunner.java:619)
at org.testng.SuiteRunner.runTest(SuiteRunner.java:443)
at org.testng.SuiteRunner.runSequentially(SuiteRunner.java:437)
at org.testng.SuiteRunner.privateRun(SuiteRunner.java:397)
at org.testng.SuiteRunner.run(SuiteRunner.java:336)
at org.testng.SuiteRunnerWorker.runSuite(SuiteRunnerWorker.java:52)
at org.testng.SuiteRunnerWorker.run(SuiteRunnerWorker.java:95)
at org.testng.TestNG.runSuitesSequentially(TestNG.java:1301)
at org.testng.TestNG.runSuitesLocally(TestNG.java:1228)
at org.testng.TestNG.runSuites(TestNG.java:1134)
at org.testng.TestNG.run(TestNG.java:1101)
at org.apache.maven.surefire.testng.TestNGExecutor.run(TestNGExecutor.java:308)
at org.apache.maven.surefire.testng.TestNGXmlTestSuite.execute(TestNGXmlTestSuite.java:71)
at org.apache.maven.surefire.testng.TestNGProvider.invoke(TestNGProvider.java:113)
at org.apache.maven.surefire.booter.ForkedBooter.runSuitesInProcess(ForkedBooter.java:385)
at org.apache.maven.surefire.booter.ForkedBooter.execute(ForkedBooter.java:162)
at org.apache.maven.surefire.booter.ForkedBooter.run(ForkedBooter.java:507)
at org.apache.maven.surefire.booter.ForkedBooter.main(ForkedBooter.java:495)
]]>
            </full-stacktrace>
          </exception> <!-- java.lang.AssertionError -->
          <reporter-output>
          </reporter-output>
        </test-method> <!-- ErrorValidationlogin -->
        <test-method is-config="true" signature="browserClose()[pri:0, instance:ssktestcomponents.ErrorValidations@7d3e8655]" started-at="2024-04-28T14:56:12 IST" name="browserClose" finished-at="2024-04-28T14:56:12 IST" duration-ms="125" status="PASS">
          <reporter-output>
          </reporter-output>
        </test-method> <!-- browserClose -->
        <test-method is-config="true" signature="launchApplication()[pri:0, instance:ssktestcomponents.ErrorValidations@7d3e8655]" started-at="2024-04-28T14:56:12 IST" name="launchApplication" finished-at="2024-04-28T14:56:17 IST" duration-ms="4990" status="PASS">
          <reporter-output>
          </reporter-output>
        </test-method> <!-- launchApplication -->
        <test-method signature="ProductErrorValidation()[pri:0, instance:ssktestcomponents.ErrorValidations@7d3e8655]" started-at="2024-04-28T14:56:17 IST" name="ProductErrorValidation" finished-at="2024-04-28T14:56:23 IST" duration-ms="5779" status="PASS">
          <reporter-output>
          </reporter-output>
        </test-method> <!-- ProductErrorValidation -->
        <test-method is-config="true" signature="browserClose()[pri:0, instance:ssktestcomponents.ErrorValidations@7d3e8655]" started-at="2024-04-28T14:56:23 IST" name="browserClose" finished-at="2024-04-28T14:56:23 IST" duration-ms="121" status="PASS">
          <reporter-output>
          </reporter-output>
        </test-method> <!-- browserClose -->
      </class> <!-- ssktestcomponents.ErrorValidations -->
    </test> <!-- ErrorValidations -->
  </suite> <!-- Suite -->
</testng-results>
